2026-06-08 15:40:56 | INFO     | capture | 导出 CSV | 路径=C:/Users/Alhayth/AppData/Local/Temp/test_traffic.csv | 数据量=3 条
2026-06-08 15:40:56 | INFO     | capture | CSV 导出完成 → C:/Users/Alhayth/AppData/Local/Temp/test_traffic.csv
2026-06-08 16:57:48 | INFO     | capture | 启动抓包 | iface=<default> | filter=ip or icmp | timeout=None
2026-06-08 16:57:48 | INFO     | capture | 缓存容量: 10000 条
2026-06-08 17:05:50 | INFO     | capture | 启动抓包 | iface=Killer(R) Wi-Fi 6 AX1650i 160MHz Wireless Network Adapter (201NGW) | filter=ip or icmp | timeout=None
2026-06-08 17:05:50 | INFO     | capture | 缓存容量: 10000 条
2026-06-08 17:09:55 | INFO     | capture | 导出 CSV | 路径=C:/Users/Alhayth/AppData/Local/Temp/tmpnrjmi_l8.csv | 数据量=0 条
2026-06-08 17:09:55 | INFO     | capture | CSV 导出完成 → C:/Users/Alhayth/AppData/Local/Temp/tmpnrjmi_l8.csv
2026-06-08 17:09:55 | INFO     | capture | 导出 CSV | 路径=C:/Users/Alhayth/AppData/Local/Temp/tmp1olc81mk.csv | 数据量=1 条
2026-06-08 17:09:55 | INFO     | capture | CSV 导出完成 → C:/Users/Alhayth/AppData/Local/Temp/tmp1olc81mk.csv
2026-06-08 17:09:55 | INFO     | capture | 缓存已清空
2026-06-08 17:09:55 | INFO     | capture | 导出 CSV | 路径=C:/Users/Alhayth/AppData/Local/Temp/tmpka05rpz9.csv | 数据量=2 条
2026-06-08 17:09:55 | INFO     | capture | CSV 导出完成 → C:/Users/Alhayth/AppData/Local/Temp/tmpka05rpz9.csv
2026-06-08 17:09:55 | ERROR    | capture | 解析数据包时发生未预期异常
Traceback (most recent call last):
  File "D:/IT/College_project/AI_IDS_System/src/traffic_module/capture.py", line 224, in parse_packet
    timestamp = datetime.fromtimestamp(pkt_time, tz=timezone.utc).isoformat()
                ^^^^^^^^^^^^^^^^^^^^^^^^^^^^^^^^^^^^^^^^^^^^^^^^^
TypeError: 'Mock' object cannot be interpreted as an integer
2026-06-08 17:09:55 | ERROR    | capture | 解析数据包时发生未预期异常
Traceback (most recent call last):
  File "D:/IT/College_project/AI_IDS_System/src/traffic_module/capture.py", line 233, in parse_packet
    src_ip = getattr(packet["IP"], "src", None)
                     ~~~~~~^^^^^^
  File "C:/msys64/mingw64/lib/python3.12/unittest/mock.py", line 2022, in method
    return func(self, *args, **kw)
           ^^^^^^^^^^^^^^^^^^^^^^^
TypeError: _make_mock_packet.<locals>._getitem() takes 1 positional argument but 2 were given
2026-06-08 17:09:55 | ERROR    | capture | 解析数据包时发生未预期异常
Traceback (most recent call last):
  File "D:/IT/College_project/AI_IDS_System/src/traffic_module/capture.py", line 233, in parse_packet
    src_ip = getattr(packet["IP"], "src", None)
                     ~~~~~~^^^^^^
  File "C:/msys64/mingw64/lib/python3.12/unittest/mock.py", line 2022, in method
    return func(self, *args, **kw)
           ^^^^^^^^^^^^^^^^^^^^^^^
TypeError: _make_mock_packet.<locals>._getitem() takes 1 positional argument but 2 were given
2026-06-08 17:09:55 | ERROR    | capture | 解析数据包时发生未预期异常
Traceback (most recent call last):
  File "D:/IT/College_project/AI_IDS_System/src/traffic_module/capture.py", line 233, in parse_packet
    src_ip = getattr(packet["IP"], "src", None)
                     ~~~~~~^^^^^^
  File "C:/msys64/mingw64/lib/python3.12/unittest/mock.py", line 2022, in method
    return func(self, *args, **kw)
           ^^^^^^^^^^^^^^^^^^^^^^^
TypeError: _make_mock_packet.<locals>._getitem() takes 1 positional argument but 2 were given
2026-06-08 17:09:55 | ERROR    | capture | 解析数据包时发生未预期异常
Traceback (most recent call last):
  File "D:/IT/College_project/AI_IDS_System/src/traffic_module/capture.py", line 233, in parse_packet
    src_ip = getattr(packet["IP"], "src", None)
                     ~~~~~~^^^^^^
  File "C:/msys64/mingw64/lib/python3.12/unittest/mock.py", line 2022, in method
    return func(self, *args, **kw)
           ^^^^^^^^^^^^^^^^^^^^^^^
TypeError: _make_mock_packet.<locals>._getitem() takes 1 positional argument but 2 were given
2026-06-08 17:09:55 | ERROR    | capture | 解析数据包时发生未预期异常
Traceback (most recent call last):
  File "D:/IT/College_project/AI_IDS_System/src/traffic_module/capture.py", line 233, in parse_packet
    src_ip = getattr(packet["IP"], "src", None)
                     ~~~~~~^^^^^^
  File "C:/msys64/mingw64/lib/python3.12/unittest/mock.py", line 2022, in method
    return func(self, *args, **kw)
           ^^^^^^^^^^^^^^^^^^^^^^^
TypeError: _make_mock_packet.<locals>._getitem() takes 1 positional argument but 2 were given
2026-06-08 17:09:55 | ERROR    | capture | 解析数据包时发生未预期异常
Traceback (most recent call last):
  File "D:/IT/College_project/AI_IDS_System/src/traffic_module/capture.py", line 233, in parse_packet
    src_ip = getattr(packet["IP"], "src", None)
                     ~~~~~~^^^^^^
  File "C:/msys64/mingw64/lib/python3.12/unittest/mock.py", line 2022, in method
    return func(self, *args, **kw)
           ^^^^^^^^^^^^^^^^^^^^^^^
TypeError: _make_mock_packet.<locals>._getitem() takes 1 positional argument but 2 were given
2026-06-08 17:09:55 | ERROR    | capture | 解析数据包时发生未预期异常
Traceback (most recent call last):
  File "D:/IT/College_project/AI_IDS_System/src/traffic_module/capture.py", line 233, in parse_packet
    src_ip = getattr(packet["IP"], "src", None)
                     ~~~~~~^^^^^^
  File "C:/msys64/mingw64/lib/python3.12/unittest/mock.py", line 2022, in method
    return func(self, *args, **kw)
           ^^^^^^^^^^^^^^^^^^^^^^^
TypeError: _make_mock_packet.<locals>._getitem() takes 1 positional argument but 2 were given
2026-06-08 17:11:09 | INFO     | capture | 导出 CSV | 路径=C:/Users/Alhayth/AppData/Local/Temp/tmpm4d74uao.csv | 数据量=0 条
2026-06-08 17:11:09 | INFO     | capture | CSV 导出完成 → C:/Users/Alhayth/AppData/Local/Temp/tmpm4d74uao.csv
2026-06-08 17:11:09 | INFO     | capture | 导出 CSV | 路径=C:/Users/Alhayth/AppData/Local/Temp/tmph8ba3a6q.csv | 数据量=1 条
2026-06-08 17:11:09 | INFO     | capture | CSV 导出完成 → C:/Users/Alhayth/AppData/Local/Temp/tmph8ba3a6q.csv
2026-06-08 17:11:09 | INFO     | capture | 缓存已清空
2026-06-08 17:11:09 | INFO     | capture | 导出 CSV | 路径=C:/Users/Alhayth/AppData/Local/Temp/tmp3s5bei4r.csv | 数据量=2 条
2026-06-08 17:11:09 | INFO     | capture | CSV 导出完成 → C:/Users/Alhayth/AppData/Local/Temp/tmp3s5bei4r.csv
2026-06-08 17:11:09 | ERROR    | capture | 解析数据包时发生未预期异常
Traceback (most recent call last):
  File "D:/IT/College_project/AI_IDS_System/src/traffic_module/capture.py", line 224, in parse_packet
    timestamp = datetime.fromtimestamp(pkt_time, tz=timezone.utc).isoformat()
                ^^^^^^^^^^^^^^^^^^^^^^^^^^^^^^^^^^^^^^^^^^^^^^^^^
TypeError: 'Mock' object cannot be interpreted as an integer
2026-06-08 17:11:40 | INFO     | capture | 启动抓包 | iface=<default> | filter=ip or icmp | timeout=5
2026-06-08 17:11:40 | INFO     | capture | 缓存容量: 10000 条
2026-06-08 17:11:40 | INFO     | capture | 正在停止抓包…
2026-06-08 17:11:45 | INFO     | capture | 抓包已停止 | 共捕获 0 条数据包 | 运行 5.0 秒
2026-06-08 17:11:45 | INFO     | capture | 启动抓包 | iface=<default> | filter=ip or icmp | timeout=5
2026-06-08 17:11:45 | INFO     | capture | 缓存容量: 10000 条
2026-06-08 17:11:45 | INFO     | capture | 正在停止抓包…
2026-06-08 17:11:50 | INFO     | capture | 抓包已停止 | 共捕获 0 条数据包 | 运行 5.0 秒
2026-06-08 17:11:50 | INFO     | capture | 启动抓包 | iface=<default> | filter=ip or icmp | timeout=5
2026-06-08 17:11:50 | INFO     | capture | 缓存容量: 10000 条
2026-06-08 17:11:50 | INFO     | capture | 正在停止抓包…
2026-06-08 17:11:55 | INFO     | capture | 抓包已停止 | 共捕获 0 条数据包 | 运行 5.0 秒
2026-06-08 17:11:55 | INFO     | capture | 启动抓包 | iface=<default> | filter=ip or icmp | timeout=5
2026-06-08 17:11:55 | INFO     | capture | 缓存容量: 10000 条
2026-06-08 17:11:57 | INFO     | capture | 正在停止抓包…
2026-06-08 17:11:57 | INFO     | capture | 抓包已停止 | 共捕获 0 条数据包 | 运行 2.0 秒
2026-06-08 17:11:57 | INFO     | capture | 启动抓包 | iface=<default> | filter=ip or icmp | timeout=3
2026-06-08 17:11:57 | INFO     | capture | 缓存容量: 10000 条
2026-06-08 17:12:01 | INFO     | capture | 正在停止抓包…
2026-06-08 17:12:01 | INFO     | capture | 启动抓包 | iface=<default> | filter=ip or icmp | timeout=5
2026-06-08 17:12:01 | INFO     | capture | 缓存容量: 10000 条
2026-06-08 17:12:01 | INFO     | capture | 正在停止抓包…
2026-06-08 17:12:01 | INFO     | capture | 抓包已停止 | 共捕获 0 条数据包 | 运行 0.5 秒
2026-06-08 17:12:01 | WARNING  | capture | stop_capture() 调用时无活跃抓包实例
2026-06-08 17:12:01 | INFO     | capture | 导出 CSV | 路径=C:\Users\Alhayth\AppData\Local\Temp\tmpmwo7kyog.csv | 数据量=0 条
2026-06-08 17:12:01 | INFO     | capture | CSV 导出完成 → C:\Users\Alhayth\AppData\Local\Temp\tmpmwo7kyog.csv
2026-06-08 17:12:01 | INFO     | capture | 导出 CSV | 路径=C:\Users\Alhayth\AppData\Local\Temp\tmppk244ojv.csv | 数据量=1 条
2026-06-08 17:12:01 | INFO     | capture | CSV 导出完成 → C:\Users\Alhayth\AppData\Local\Temp\tmppk244ojv.csv
2026-06-08 17:12:01 | INFO     | capture | 缓存已清空
2026-06-08 17:12:01 | INFO     | capture | 导出 CSV | 路径=C:\Users\Alhayth\AppData\Local\Temp\tmp6tqkhd6y.csv | 数据量=2 条
2026-06-08 17:12:01 | INFO     | capture | CSV 导出完成 → C:\Users\Alhayth\AppData\Local\Temp\tmp6tqkhd6y.csv
2026-06-08 17:12:01 | ERROR    | capture | 解析数据包时发生未预期异常
Traceback (most recent call last):
  File "D:\IT\College_project\AI_IDS_System\src\traffic_module\capture.py", line 224, in parse_packet
    timestamp = datetime.fromtimestamp(pkt_time, tz=timezone.utc).isoformat()
                ^^^^^^^^^^^^^^^^^^^^^^^^^^^^^^^^^^^^^^^^^^^^^^^^^
TypeError: 'Mock' object cannot be interpreted as an integer
2026-06-08 17:16:36 | INFO     | capture | 启动抓包 | iface=<default> | filter=ip or icmp | timeout=30
2026-06-08 17:16:36 | INFO     | capture | 缓存容量: 10000 条
2026-06-08 17:17:06 | INFO     | capture | 正在停止抓包…
2026-06-08 17:17:06 | INFO     | capture | 抓包已停止 | 共捕获 0 条数据包 | 运行 30.1 秒
2026-06-08 17:17:06 | INFO     | capture | 导出 CSV | 路径=D:\IT\College_project\AI_IDS_System\src\traffic_module\traffic.csv | 数据量=0 条
2026-06-08 17:17:06 | INFO     | capture | CSV 导出完成 → D:\IT\College_project\AI_IDS_System\src\traffic_module\traffic.csv
2026-06-08 17:24:37 | INFO     | capture | 启动抓包 | iface=<default> | filter=ip or icmp | timeout=30
2026-06-08 17:24:37 | INFO     | capture | 缓存容量: 10000 条
2026-06-08 17:25:07 | INFO     | capture | 正在停止抓包…
2026-06-08 17:25:07 | INFO     | capture | 抓包已停止 | 共捕获 0 条数据包 | 运行 30.0 秒
2026-06-08 17:25:07 | INFO     | capture | 导出 CSV | 路径=D:\IT\College_project\AI_IDS_System\src\traffic_module\traffic.csv | 数据量=0 条
2026-06-08 17:25:07 | INFO     | capture | CSV 导出完成 → D:\IT\College_project\AI_IDS_System\src\traffic_module\traffic.csv
2026-06-08 17:29:55 | INFO     | capture | 导出 CSV | 路径=C:/Users/Alhayth/AppData/Local/Temp/tmpvisjmn49.csv | 数据量=0 条
2026-06-08 17:29:55 | INFO     | capture | CSV 导出完成 → C:/Users/Alhayth/AppData/Local/Temp/tmpvisjmn49.csv
2026-06-08 17:29:55 | INFO     | capture | 导出 CSV | 路径=C:/Users/Alhayth/AppData/Local/Temp/tmp6bwyx3n6.csv | 数据量=1 条
2026-06-08 17:29:55 | INFO     | capture | CSV 导出完成 → C:/Users/Alhayth/AppData/Local/Temp/tmp6bwyx3n6.csv
2026-06-08 17:29:55 | INFO     | capture | 缓存已清空
2026-06-08 17:29:55 | INFO     | capture | 导出 CSV | 路径=C:/Users/Alhayth/AppData/Local/Temp/tmpeskknczd.csv | 数据量=2 条
2026-06-08 17:29:55 | INFO     | capture | CSV 导出完成 → C:/Users/Alhayth/AppData/Local/Temp/tmpeskknczd.csv
2026-06-08 17:29:55 | ERROR    | capture | 解析数据包时发生未预期异常
Traceback (most recent call last):
  File "D:/IT/College_project/AI_IDS_System/src/traffic_module/capture.py", line 224, in parse_packet
    timestamp = datetime.fromtimestamp(pkt_time, tz=timezone.utc).isoformat()
                ^^^^^^^^^^^^^^^^^^^^^^^^^^^^^^^^^^^^^^^^^^^^^^^^^
TypeError: 'Mock' object cannot be interpreted as an integer
2026-06-08 20:35:47 | INFO     | capture | 导出 CSV | 路径=C:\Users\Alhayth\AppData\Local\Temp\tmpwoqesog8.csv | 数据量=1 条
2026-06-08 20:35:47 | INFO     | capture | CSV 导出完成 → C:\Users\Alhayth\AppData\Local\Temp\tmpwoqesog8.csv
2026-06-08 20:37:37 | INFO     | capture | 导出 CSV | 路径=C:\Users\Alhayth\AppData\Local\Temp\test_proto.csv | 数据量=1 条
2026-06-08 20:37:37 | INFO     | capture | CSV 导出完成 → C:\Users\Alhayth\AppData\Local\Temp\test_proto.csv
