2026-06-15 15:53:17 | INFO     | ============================================================
2026-06-15 15:53:17 | INFO     | AI-IDS 一体化系统启动中...
2026-06-15 15:53:17 | INFO     | ============================================================
2026-06-15 15:53:17 | INFO     | TrafficMonitor 初始化成功
2026-06-15 15:53:19 | INFO     | PipelineService 初始化成功
2026-06-15 15:53:19 | INFO     | Traffic Monitor 线程已启动
2026-06-15 15:53:19 | INFO     | Pipeline Service 线程已启动
2026-06-15 16:08:50 | INFO     | PipelineService 线程已退出
2026-06-15 16:08:55 | INFO     | TrafficMonitor 线程已退出
2026-06-15 16:08:55 | INFO     | AI-IDS 系统已停止 — 运行时长=00:15:36
2026-06-15 16:10:51 | INFO     | ============================================================
2026-06-15 16:10:51 | INFO     | AI-IDS 一体化系统启动中...
2026-06-15 16:10:51 | INFO     | ============================================================
2026-06-15 16:10:51 | INFO     | TrafficMonitor 初始化成功
2026-06-15 16:10:53 | INFO     | PipelineService 初始化成功
2026-06-15 16:10:53 | INFO     | Traffic Monitor 线程已启动
2026-06-15 16:10:53 | INFO     | Pipeline Service 线程已启动
2026-06-15 16:11:01 | INFO     | PipelineService 线程已退出
2026-06-15 16:11:06 | INFO     | TrafficMonitor 线程已退出
2026-06-15 16:11:06 | INFO     | AI-IDS 系统已停止 — 运行时长=00:00:13
2026-06-15 16:12:11 | INFO     | ============================================================
2026-06-15 16:12:11 | INFO     | AI-IDS 一体化系统启动中...
2026-06-15 16:12:11 | INFO     | ============================================================
2026-06-15 16:12:11 | INFO     | TrafficMonitor 初始化成功
2026-06-15 16:12:12 | INFO     | PipelineService 初始化成功
2026-06-15 16:12:12 | INFO     | Traffic Monitor 线程已启动
2026-06-15 16:12:12 | INFO     | Pipeline Service 线程已启动
2026-06-15 16:30:41 | INFO     | PipelineService 线程已退出
2026-06-15 16:30:46 | INFO     | TrafficMonitor 线程已退出
2026-06-15 16:30:46 | INFO     | AI-IDS 系统已停止 — 运行时长=00:18:34
