2026-06-15 15:35:28 | INFO     | 数据库结构检查完成，所有字段就绪
2026-06-15 15:35:29 | INFO     | AI 检测模型加载成功
2026-06-15 15:35:29 | INFO     | 单次检测模式
2026-06-15 15:35:29 | INFO     | 发现未分析流量: 70 条
2026-06-15 15:35:29 | ERROR    | 分析周期异常: (1062, "Duplicate entry '1' for key 'flow_id'")
Traceback (most recent call last):
  File "D:\IT\College_project\AI_IDS_System\src\ai_engine\run_pipeline.py", line 456, in analyze_once
    cur.executemany(insert_sql, insert_rows)
  File "D:\IT\College_project\AI_IDS_System\.venv\Lib\site-packages\pymysql\cursors.py", line 188, in executemany
    return self._do_execute_many(
           ^^^^^^^^^^^^^^^^^^^^^^
  File "D:\IT\College_project\AI_IDS_System\.venv\Lib\site-packages\pymysql\cursors.py", line 226, in _do_execute_many
    rows += self.execute(sql + postfix)
            ^^^^^^^^^^^^^^^^^^^^^^^^^^^
  File "D:\IT\College_project\AI_IDS_System\.venv\Lib\site-packages\pymysql\cursors.py", line 159, in execute
    result = self._query(query)
             ^^^^^^^^^^^^^^^^^^
  File "D:\IT\College_project\AI_IDS_System\.venv\Lib\site-packages\pymysql\cursors.py", line 330, in _query
    conn.query(q)
  File "D:\IT\College_project\AI_IDS_System\.venv\Lib\site-packages\pymysql\connections.py", line 582, in query
    self._affected_rows = self._read_query_result(unbuffered=unbuffered)
                          ^^^^^^^^^^^^^^^^^^^^^^^^^^^^^^^^^^^^^^^^^^^^^^
  File "D:\IT\College_project\AI_IDS_System\.venv\Lib\site-packages\pymysql\connections.py", line 847, in _read_query_result
    result.read()
  File "D:\IT\College_project\AI_IDS_System\.venv\Lib\site-packages\pymysql\connections.py", line 1245, in read
    first_packet = self.connection._read_packet()
                   ^^^^^^^^^^^^^^^^^^^^^^^^^^^^^^
  File "D:\IT\College_project\AI_IDS_System\.venv\Lib\site-packages\pymysql\connections.py", line 803, in _read_packet
    packet.raise_for_error()
  File "D:\IT\College_project\AI_IDS_System\.venv\Lib\site-packages\pymysql\protocol.py", line 219, in raise_for_error
    err.raise_mysql_exception(self._data)
  File "D:\IT\College_project\AI_IDS_System\.venv\Lib\site-packages\pymysql\err.py", line 154, in raise_mysql_exception
    raise errorclass(errno, errval, sqlstate=sqlstate)
pymysql.err.IntegrityError: (1062, "Duplicate entry '1' for key 'flow_id'")

2026-06-15 15:36:09 | INFO     | 数据库结构检查完成，所有字段就绪
2026-06-15 15:36:11 | INFO     | AI 检测模型加载成功
2026-06-15 15:36:11 | INFO     | 单次检测模式
2026-06-15 15:36:11 | INFO     | 发现未分析流量: 70 条
2026-06-15 15:36:11 | INFO     | 已写入 traffic_logs: 70 条
2026-06-15 15:36:11 | INFO     | 已更新 ai_processed=1: 70 条
2026-06-15 15:36:26 | INFO     | 数据库结构检查完成，所有字段就绪
2026-06-15 15:36:28 | INFO     | AI 检测模型加载成功
2026-06-15 15:36:28 | INFO     | 单次检测模式
2026-06-15 15:47:12 | INFO     | 数据库结构检查完成，所有字段就绪
2026-06-15 15:47:13 | INFO     | AI 检测模型加载成功
2026-06-15 15:47:13 | INFO     | 发现未分析流量: 3 条
2026-06-15 15:47:13 | INFO     | 跳过重复 flow_id: 3 条（已在 traffic_logs 中存在）
2026-06-15 15:47:13 | INFO     | 已更新 ai_processed=1: 3 条
2026-06-15 15:53:17 | INFO     | 数据库结构检查完成，所有字段就绪
2026-06-15 15:53:19 | INFO     | AI 检测模型加载成功
2026-06-15 15:53:19 | INFO     | 检测循环已启动，间隔 = 60 秒
2026-06-15 15:53:19 | DEBUG    | 未发现新流量，等待下一轮...
2026-06-15 15:54:19 | DEBUG    | 未发现新流量，等待下一轮...
2026-06-15 15:55:19 | DEBUG    | 未发现新流量，等待下一轮...
2026-06-15 15:56:19 | DEBUG    | 未发现新流量，等待下一轮...
2026-06-15 15:57:19 | DEBUG    | 未发现新流量，等待下一轮...
2026-06-15 15:58:19 | DEBUG    | 未发现新流量，等待下一轮...
2026-06-15 15:59:19 | DEBUG    | 未发现新流量，等待下一轮...
2026-06-15 16:00:19 | DEBUG    | 未发现新流量，等待下一轮...
2026-06-15 16:01:19 | DEBUG    | 未发现新流量，等待下一轮...
2026-06-15 16:02:19 | DEBUG    | 未发现新流量，等待下一轮...
2026-06-15 16:03:19 | DEBUG    | 未发现新流量，等待下一轮...
2026-06-15 16:04:19 | DEBUG    | 未发现新流量，等待下一轮...
2026-06-15 16:05:19 | DEBUG    | 未发现新流量，等待下一轮...
2026-06-15 16:06:19 | DEBUG    | 未发现新流量，等待下一轮...
2026-06-15 16:07:19 | DEBUG    | 未发现新流量，等待下一轮...
2026-06-15 16:08:19 | DEBUG    | 未发现新流量，等待下一轮...
2026-06-15 16:08:50 | INFO     | 收到停止请求
2026-06-15 16:08:50 | INFO     | 检测循环已退出
2026-06-15 16:10:51 | INFO     | 数据库结构检查完成，所有字段就绪
2026-06-15 16:10:53 | INFO     | AI 检测模型加载成功
2026-06-15 16:10:53 | INFO     | 检测循环已启动，间隔 = 60 秒
2026-06-15 16:10:53 | DEBUG    | 未发现新流量，等待下一轮...
2026-06-15 16:11:01 | INFO     | 收到停止请求
2026-06-15 16:11:01 | INFO     | 检测循环已退出
2026-06-15 16:11:50 | INFO     | 数据库结构检查完成，所有字段就绪
2026-06-15 16:11:51 | INFO     | AI 检测模型加载成功
2026-06-15 16:11:51 | INFO     | 发现未分析流量: 47 条
2026-06-15 16:11:51 | INFO     | 已写入 traffic_logs: 47 条
2026-06-15 16:11:51 | INFO     | 已更新 ai_processed=1: 47 条
2026-06-15 16:12:11 | INFO     | 数据库结构检查完成，所有字段就绪
2026-06-15 16:12:12 | INFO     | AI 检测模型加载成功
2026-06-15 16:12:12 | INFO     | 检测循环已启动，间隔 = 60 秒
2026-06-15 16:12:12 | DEBUG    | 未发现新流量，等待下一轮...
2026-06-15 16:13:12 | DEBUG    | 未发现新流量，等待下一轮...
2026-06-15 16:14:12 | DEBUG    | 未发现新流量，等待下一轮...
2026-06-15 16:15:12 | DEBUG    | 未发现新流量，等待下一轮...
2026-06-15 16:16:12 | DEBUG    | 未发现新流量，等待下一轮...
2026-06-15 16:17:12 | DEBUG    | 未发现新流量，等待下一轮...
2026-06-15 16:18:12 | DEBUG    | 未发现新流量，等待下一轮...
2026-06-15 16:19:12 | DEBUG    | 未发现新流量，等待下一轮...
2026-06-15 16:20:12 | DEBUG    | 未发现新流量，等待下一轮...
2026-06-15 16:21:12 | INFO     | 发现未分析流量: 80 条
2026-06-15 16:21:12 | INFO     | 已写入 traffic_logs: 80 条
2026-06-15 16:21:12 | INFO     | 已更新 ai_processed=1: 80 条
2026-06-15 16:21:12 | INFO     | 本轮检测完成 | 新增 80 条 | 累计 80 条 (其中攻击 36 条)
2026-06-15 16:22:12 | DEBUG    | 未发现新流量，等待下一轮...
2026-06-15 16:23:12 | DEBUG    | 未发现新流量，等待下一轮...
2026-06-15 16:24:12 | DEBUG    | 未发现新流量，等待下一轮...
2026-06-15 16:25:12 | DEBUG    | 未发现新流量，等待下一轮...
2026-06-15 16:26:12 | DEBUG    | 未发现新流量，等待下一轮...
2026-06-15 16:27:12 | DEBUG    | 未发现新流量，等待下一轮...
2026-06-15 16:28:12 | DEBUG    | 未发现新流量，等待下一轮...
2026-06-15 16:29:12 | DEBUG    | 未发现新流量，等待下一轮...
2026-06-15 16:30:12 | DEBUG    | 未发现新流量，等待下一轮...
2026-06-15 16:30:41 | INFO     | 收到停止请求
2026-06-15 16:30:41 | INFO     | 检测循环已退出
